<?xml version="1.0" encoding="utf-8"?><testsuites name="pytest tests"><testsuite name="pytest" errors="0" failures="0" skipped="0" tests="13" time="1.991" timestamp="2026-05-26T07:52:00.705394+00:00" hostname="agent-env-51244af6-6b18-4af0-9737-76b03c5d3b95"><testcase classname="tests.test_exercises_and_auth.TestHealth" name="test_health_endpoint_returns_ok" time="0.307" /><testcase classname="tests.test_exercises_and_auth.TestHealth" name="test_health_endpoint_returns_exercises_count" time="0.143" /><testcase classname="tests.test_exercises_and_auth.TestExercises" name="test_list_all_exercises" time="0.157" /><testcase classname="tests.test_exercises_and_auth.TestExercises" name="test_filter_exercises_by_body_part_chest" time="0.108" /><testcase classname="tests.test_exercises_and_auth.TestExercises" name="test_search_exercises_by_name" time="0.107" /><testcase classname="tests.test_exercises_and_auth.TestExercises" name="test_get_body_parts_list" time="0.138" /><testcase classname="tests.test_exercises_and_auth.TestExercises" name="test_get_targets_list" time="0.145" /><testcase classname="tests.test_exercises_and_auth.TestExercises" name="test_get_single_exercise_detail" time="0.113" /><testcase classname="tests.test_exercises_and_auth.TestExercises" name="test_get_similar_exercises" time="0.103" /><testcase classname="tests.test_exercises_and_auth.TestExercises" name="test_get_nonexistent_exercise_returns_404" time="0.096" /><testcase classname="tests.test_exercises_and_auth.TestAuth" name="test_auth_session_with_invalid_session_id" time="0.252" /><testcase classname="tests.test_exercises_and_auth.TestAuth" name="test_auth_me_without_token_returns_401" time="0.110" /><testcase classname="tests.test_exercises_and_auth.TestAuth" name="test_auth_me_with_invalid_token_returns_401" time="0.109" /></testsuite></testsuites>